D:\Файлы\PROJECTS\Игра Жизнь\Игра Жизнь\DEBUG\Игра Жизнь.PCH
D:\Файлы\PROJECTS\Игра Жизнь\Игра Жизнь\DEBUG\STDAFX.OBJ
D:\ФАЙЛЫ\PROJECTS\ИГРА ЖИЗНЬ\ИГРА ЖИЗНЬ\DEBUG\VC110.PDB
D:\Файлы\PROJECTS\Игра Жизнь\Игра Жизнь\DEBUG\Игра Жизнь.OBJ
D:\Файлы\PROJECTS\Игра Жизнь\DEBUG\Игра Жизнь.ILK
D:\Файлы\PROJECTS\Игра Жизнь\DEBUG\Игра Жизнь.EXE
D:\ФАЙЛЫ\PROJECTS\ИГРА ЖИЗНЬ\DEBUG\ИГРА ЖИЗНЬ.PDB
D:\Файлы\Projects\Игра Жизнь\Игра Жизнь\Debug\stdafx.obj
D:\Файлы\Projects\Игра Жизнь\Игра Жизнь\Debug\Игра Жизнь.obj
D:\Файлы\Projects\Игра Жизнь\Игра Жизнь\Debug\cl.command.1.tlog
D:\Файлы\Projects\Игра Жизнь\Игра Жизнь\Debug\CL.read.1.tlog
D:\Файлы\Projects\Игра Жизнь\Игра Жизнь\Debug\CL.write.1.tlog
D:\Файлы\Projects\Игра Жизнь\Игра Жизнь\Debug\link-cvtres.read.1.tlog
D:\Файлы\Projects\Игра Жизнь\Игра Жизнь\Debug\link-cvtres.write.1.tlog
D:\Файлы\Projects\Игра Жизнь\Игра Жизнь\Debug\link-rc.read.1.tlog
D:\Файлы\Projects\Игра Жизнь\Игра Жизнь\Debug\link-rc.write.1.tlog
D:\Файлы\Projects\Игра Жизнь\Игра Жизнь\Debug\link.1992-cvtres.read.1.tlog
D:\Файлы\Projects\Игра Жизнь\Игра Жизнь\Debug\link.1992-cvtres.write.1.tlog
D:\Файлы\Projects\Игра Жизнь\Игра Жизнь\Debug\link.1992-rc.read.1.tlog
D:\Файлы\Projects\Игра Жизнь\Игра Жизнь\Debug\link.1992-rc.write.1.tlog
D:\Файлы\Projects\Игра Жизнь\Игра Жизнь\Debug\link.1992.read.1.tlog
D:\Файлы\Projects\Игра Жизнь\Игра Жизнь\Debug\link.1992.write.1.tlog
D:\Файлы\Projects\Игра Жизнь\Игра Жизнь\Debug\link.3556-cvtres.read.1.tlog
D:\Файлы\Projects\Игра Жизнь\Игра Жизнь\Debug\link.3556-cvtres.write.1.tlog
D:\Файлы\Projects\Игра Жизнь\Игра Жизнь\Debug\link.3556-rc.read.1.tlog
D:\Файлы\Projects\Игра Жизнь\Игра Жизнь\Debug\link.3556-rc.write.1.tlog
D:\Файлы\Projects\Игра Жизнь\Игра Жизнь\Debug\link.3556.read.1.tlog
D:\Файлы\Projects\Игра Жизнь\Игра Жизнь\Debug\link.3556.write.1.tlog
D:\Файлы\Projects\Игра Жизнь\Игра Жизнь\Debug\link.4596-cvtres.read.1.tlog
D:\Файлы\Projects\Игра Жизнь\Игра Жизнь\Debug\link.4596-cvtres.write.1.tlog
D:\Файлы\Projects\Игра Жизнь\Игра Жизнь\Debug\link.4596-rc.read.1.tlog
D:\Файлы\Projects\Игра Жизнь\Игра Жизнь\Debug\link.4596-rc.write.1.tlog
D:\Файлы\Projects\Игра Жизнь\Игра Жизнь\Debug\link.4596.read.1.tlog
D:\Файлы\Projects\Игра Жизнь\Игра Жизнь\Debug\link.4596.write.1.tlog
D:\Файлы\Projects\Игра Жизнь\Игра Жизнь\Debug\link.4648-cvtres.read.1.tlog
D:\Файлы\Projects\Игра Жизнь\Игра Жизнь\Debug\link.4648-cvtres.write.1.tlog
D:\Файлы\Projects\Игра Жизнь\Игра Жизнь\Debug\link.4648-rc.read.1.tlog
D:\Файлы\Projects\Игра Жизнь\Игра Жизнь\Debug\link.4648-rc.write.1.tlog
D:\Файлы\Projects\Игра Жизнь\Игра Жизнь\Debug\link.4648.read.1.tlog
D:\Файлы\Projects\Игра Жизнь\Игра Жизнь\Debug\link.4648.write.1.tlog
D:\Файлы\Projects\Игра Жизнь\Игра Жизнь\Debug\link.4892-cvtres.read.1.tlog
D:\Файлы\Projects\Игра Жизнь\Игра Жизнь\Debug\link.4892-cvtres.write.1.tlog
D:\Файлы\Projects\Игра Жизнь\Игра Жизнь\Debug\link.4892-rc.read.1.tlog
D:\Файлы\Projects\Игра Жизнь\Игра Жизнь\Debug\link.4892-rc.write.1.tlog
D:\Файлы\Projects\Игра Жизнь\Игра Жизнь\Debug\link.4892.read.1.tlog
D:\Файлы\Projects\Игра Жизнь\Игра Жизнь\Debug\link.4892.write.1.tlog
D:\Файлы\Projects\Игра Жизнь\Игра Жизнь\Debug\link.5064-cvtres.read.1.tlog
D:\Файлы\Projects\Игра Жизнь\Игра Жизнь\Debug\link.5064-cvtres.write.1.tlog
D:\Файлы\Projects\Игра Жизнь\Игра Жизнь\Debug\link.5064-rc.read.1.tlog
D:\Файлы\Projects\Игра Жизнь\Игра Жизнь\Debug\link.5064-rc.write.1.tlog
D:\Файлы\Projects\Игра Жизнь\Игра Жизнь\Debug\link.5064.read.1.tlog
D:\Файлы\Projects\Игра Жизнь\Игра Жизнь\Debug\link.5064.write.1.tlog
D:\Файлы\Projects\Игра Жизнь\Игра Жизнь\Debug\link.5116-cvtres.read.1.tlog
D:\Файлы\Projects\Игра Жизнь\Игра Жизнь\Debug\link.5116-cvtres.write.1.tlog
D:\Файлы\Projects\Игра Жизнь\Игра Жизнь\Debug\link.5116-rc.read.1.tlog
D:\Файлы\Projects\Игра Жизнь\Игра Жизнь\Debug\link.5116-rc.write.1.tlog
D:\Файлы\Projects\Игра Жизнь\Игра Жизнь\Debug\link.5116.read.1.tlog
D:\Файлы\Projects\Игра Жизнь\Игра Жизнь\Debug\link.5116.write.1.tlog
D:\Файлы\Projects\Игра Жизнь\Игра Жизнь\Debug\link.5648-cvtres.read.1.tlog
D:\Файлы\Projects\Игра Жизнь\Игра Жизнь\Debug\link.5648-cvtres.write.1.tlog
D:\Файлы\Projects\Игра Жизнь\Игра Жизнь\Debug\link.5648-rc.read.1.tlog
D:\Файлы\Projects\Игра Жизнь\Игра Жизнь\Debug\link.5648-rc.write.1.tlog
D:\Файлы\Projects\Игра Жизнь\Игра Жизнь\Debug\link.5648.read.1.tlog
D:\Файлы\Projects\Игра Жизнь\Игра Жизнь\Debug\link.5648.write.1.tlog
D:\Файлы\Projects\Игра Жизнь\Игра Жизнь\Debug\link.5820-cvtres.read.1.tlog
D:\Файлы\Projects\Игра Жизнь\Игра Жизнь\Debug\link.5820-cvtres.write.1.tlog
D:\Файлы\Projects\Игра Жизнь\Игра Жизнь\Debug\link.5820-rc.read.1.tlog
D:\Файлы\Projects\Игра Жизнь\Игра Жизнь\Debug\link.5820-rc.write.1.tlog
D:\Файлы\Projects\Игра Жизнь\Игра Жизнь\Debug\link.5820.read.1.tlog
D:\Файлы\Projects\Игра Жизнь\Игра Жизнь\Debug\link.5820.write.1.tlog
D:\Файлы\Projects\Игра Жизнь\Игра Жизнь\Debug\link.6140-cvtres.read.1.tlog
D:\Файлы\Projects\Игра Жизнь\Игра Жизнь\Debug\link.6140-cvtres.write.1.tlog
D:\Файлы\Projects\Игра Жизнь\Игра Жизнь\Debug\link.6140-rc.read.1.tlog
D:\Файлы\Projects\Игра Жизнь\Игра Жизнь\Debug\link.6140-rc.write.1.tlog
D:\Файлы\Projects\Игра Жизнь\Игра Жизнь\Debug\link.6140.read.1.tlog
D:\Файлы\Projects\Игра Жизнь\Игра Жизнь\Debug\link.6140.write.1.tlog
D:\Файлы\Projects\Игра Жизнь\Игра Жизнь\Debug\link.6200-cvtres.read.1.tlog
D:\Файлы\Projects\Игра Жизнь\Игра Жизнь\Debug\link.6200-cvtres.write.1.tlog
D:\Файлы\Projects\Игра Жизнь\Игра Жизнь\Debug\link.6200-rc.read.1.tlog
D:\Файлы\Projects\Игра Жизнь\Игра Жизнь\Debug\link.6200-rc.write.1.tlog
D:\Файлы\Projects\Игра Жизнь\Игра Жизнь\Debug\link.6200.read.1.tlog
D:\Файлы\Projects\Игра Жизнь\Игра Жизнь\Debug\link.6200.write.1.tlog
D:\Файлы\Projects\Игра Жизнь\Игра Жизнь\Debug\link.7044-cvtres.read.1.tlog
D:\Файлы\Projects\Игра Жизнь\Игра Жизнь\Debug\link.7044-cvtres.write.1.tlog
D:\Файлы\Projects\Игра Жизнь\Игра Жизнь\Debug\link.7044-rc.read.1.tlog
D:\Файлы\Projects\Игра Жизнь\Игра Жизнь\Debug\link.7044-rc.write.1.tlog
D:\Файлы\Projects\Игра Жизнь\Игра Жизнь\Debug\link.7044.read.1.tlog
D:\Файлы\Projects\Игра Жизнь\Игра Жизнь\Debug\link.7044.write.1.tlog
D:\Файлы\Projects\Игра Жизнь\Игра Жизнь\Debug\link.command.1.tlog
D:\Файлы\Projects\Игра Жизнь\Игра Жизнь\Debug\link.read.1.tlog
D:\Файлы\Projects\Игра Жизнь\Игра Жизнь\Debug\link.write.1.tlog
D:\Файлы\Projects\Игра Жизнь\Игра Жизнь\Debug\Игра Жизнь.pch
D:\Файлы\Projects\Игра Жизнь\Игра Жизнь\Debug\vc110.idb
D:\Файлы\Projects\Игра Жизнь\Игра Жизнь\Debug\vc110.pdb
D:\Файлы\Projects\Игра Жизнь\Debug\Игра Жизнь.pdb
D:\Файлы\Projects\Игра Жизнь\Debug\Игра Жизнь.exe
D:\Файлы\Projects\Игра Жизнь\Debug\Игра Жизнь.ilk
